Started GET "/" for ::1 at 2025-08-30 16:15:49 +0900
  [1m[35m (2.9ms)[0m  [1m[35mCREATE TABLE "schema_migrations" ("version" varchar NOT NULL PRIMARY KEY)[0m
  [1m[35m (3.6ms)[0m  [1m[35mCREATE TABLE "ar_internal_metadata" ("key" varchar NOT NULL PRIMARY KEY, "value" varchar, "created_at" datetime(6) NOT NULL, "updated_at" datetime(6) NOT NULL)[0m
  [1m[36mActiveRecord::SchemaMigration Pluck (0.3ms)[0m  [1m[34mSELECT "schema_migrations"."version" FROM "schema_migrations" ORDER BY "schema_migrations"."version" ASC[0m
  
ActiveRecord::PendingMigrationError (

Migrations are pending. To resolve this issue, run:

        bin/rails db:migrate RAILS_ENV=development

You have 3 pending migrations:

20250820020719_devise_create_users.rb
20250820022943_create_jwt_denylists.rb
20250820030443_add_name_to_users.rb


):
  
activerecord (7.0.8.7) lib/active_record/migration.rb:662:in `check_pending!'
activerecord (7.0.8.7) lib/active_record/migration.rb:627:in `block (2 levels) in call'
activesupport (7.0.8.7) lib/active_support/file_update_checker.rb:83:in `execute'
activerecord (7.0.8.7) lib/active_record/migration.rb:632:in `block in call'
activerecord (7.0.8.7) lib/active_record/migration.rb:624:in `synchronize'
activerecord (7.0.8.7) lib/active_record/migration.rb:624:in `call'
actionpack (7.0.8.7) lib/action_dispatch/middleware/callbacks.rb:27:in `block in call'
activesupport (7.0.8.7) lib/active_support/callbacks.rb:99:in `run_callbacks'
actionpack (7.0.8.7) lib/action_dispatch/middleware/callbacks.rb:26:in `call'
actionpack (7.0.8.7) lib/action_dispatch/middleware/executor.rb:14:in `call'
actionpack (7.0.8.7) lib/action_dispatch/middleware/actionable_exceptions.rb:17:in `call'
actionpack (7.0.8.7) lib/action_dispatch/middleware/debug_exceptions.rb:28:in `call'
actionpack (7.0.8.7) lib/action_dispatch/middleware/show_exceptions.rb:29:in `call'
railties (7.0.8.7) lib/rails/rack/logger.rb:40:in `call_app'
railties (7.0.8.7) lib/rails/rack/logger.rb:25:in `block in call'
activesupport (7.0.8.7) lib/active_support/tagged_logging.rb:99:in `block in tagged'
activesupport (7.0.8.7) lib/active_support/tagged_logging.rb:37:in `tagged'
activesupport (7.0.8.7) lib/active_support/tagged_logging.rb:99:in `tagged'
railties (7.0.8.7) lib/rails/rack/logger.rb:25:in `call'
actionpack (7.0.8.7) lib/action_dispatch/middleware/remote_ip.rb:93:in `call'
actionpack (7.0.8.7) lib/action_dispatch/middleware/request_id.rb:26:in `call'
rack (2.2.17) lib/rack/runtime.rb:22:in `call'
activesupport (7.0.8.7) lib/active_support/cache/strategy/local_cache_middleware.rb:29:in `call'
actionpack (7.0.8.7) lib/action_dispatch/middleware/server_timing.rb:61:in `block in call'
actionpack (7.0.8.7) lib/action_dispatch/middleware/server_timing.rb:26:in `collect_events'
actionpack (7.0.8.7) lib/action_dispatch/middleware/server_timing.rb:60:in `call'
actionpack (7.0.8.7) lib/action_dispatch/middleware/executor.rb:14:in `call'
actionpack (7.0.8.7) lib/action_dispatch/middleware/static.rb:23:in `call'
rack (2.2.17) lib/rack/sendfile.rb:110:in `call'
actionpack (7.0.8.7) lib/action_dispatch/middleware/host_authorization.rb:138:in `call'
rack-cors (2.0.2) lib/rack/cors.rb:102:in `call'
rack-cors (2.0.2) lib/rack/cors.rb:102:in `call'
railties (7.0.8.7) lib/rails/engine.rb:530:in `call'
puma (5.6.9) lib/puma/configuration.rb:252:in `call'
puma (5.6.9) lib/puma/request.rb:77:in `block in handle_request'
puma (5.6.9) lib/puma/thread_pool.rb:340:in `with_force_shutdown'
puma (5.6.9) lib/puma/request.rb:76:in `handle_request'
puma (5.6.9) lib/puma/server.rb:443:in `process_client'
puma (5.6.9) lib/puma/thread_pool.rb:147:in `block in spawn_thread'
Started GET "/favicon.ico" for ::1 at 2025-08-30 16:15:50 +0900
  [1m[36mActiveRecord::SchemaMigration Pluck (0.2ms)[0m  [1m[34mSELECT "schema_migrations"."version" FROM "schema_migrations" ORDER BY "schema_migrations"."version" ASC[0m
  [1m[36mCACHE ActiveRecord::SchemaMigration Pluck (0.1ms)[0m  [1m[34mSELECT "schema_migrations"."version" FROM "schema_migrations" ORDER BY "schema_migrations"."version" ASC[0m
  
ActiveRecord::PendingMigrationError (

Migrations are pending. To resolve this issue, run:

        bin/rails db:migrate RAILS_ENV=development

You have 3 pending migrations:

20250820020719_devise_create_users.rb
20250820022943_create_jwt_denylists.rb
20250820030443_add_name_to_users.rb


):
  
activerecord (7.0.8.7) lib/active_record/migration.rb:662:in `check_pending!'
activerecord (7.0.8.7) lib/active_record/migration.rb:627:in `block (2 levels) in call'
activesupport (7.0.8.7) lib/active_support/file_update_checker.rb:83:in `execute'
activerecord (7.0.8.7) lib/active_record/migration.rb:632:in `block in call'
activerecord (7.0.8.7) lib/active_record/migration.rb:624:in `synchronize'
activerecord (7.0.8.7) lib/active_record/migration.rb:624:in `call'
actionpack (7.0.8.7) lib/action_dispatch/middleware/callbacks.rb:27:in `block in call'
activesupport (7.0.8.7) lib/active_support/callbacks.rb:99:in `run_callbacks'
actionpack (7.0.8.7) lib/action_dispatch/middleware/callbacks.rb:26:in `call'
actionpack (7.0.8.7) lib/action_dispatch/middleware/executor.rb:14:in `call'
actionpack (7.0.8.7) lib/action_dispatch/middleware/actionable_exceptions.rb:17:in `call'
actionpack (7.0.8.7) lib/action_dispatch/middleware/debug_exceptions.rb:28:in `call'
actionpack (7.0.8.7) lib/action_dispatch/middleware/show_exceptions.rb:29:in `call'
railties (7.0.8.7) lib/rails/rack/logger.rb:40:in `call_app'
railties (7.0.8.7) lib/rails/rack/logger.rb:25:in `block in call'
activesupport (7.0.8.7) lib/active_support/tagged_logging.rb:99:in `block in tagged'
activesupport (7.0.8.7) lib/active_support/tagged_logging.rb:37:in `tagged'
activesupport (7.0.8.7) lib/active_support/tagged_logging.rb:99:in `tagged'
railties (7.0.8.7) lib/rails/rack/logger.rb:25:in `call'
actionpack (7.0.8.7) lib/action_dispatch/middleware/remote_ip.rb:93:in `call'
actionpack (7.0.8.7) lib/action_dispatch/middleware/request_id.rb:26:in `call'
rack (2.2.17) lib/rack/runtime.rb:22:in `call'
activesupport (7.0.8.7) lib/active_support/cache/strategy/local_cache_middleware.rb:29:in `call'
actionpack (7.0.8.7) lib/action_dispatch/middleware/server_timing.rb:61:in `block in call'
actionpack (7.0.8.7) lib/action_dispatch/middleware/server_timing.rb:26:in `collect_events'
actionpack (7.0.8.7) lib/action_dispatch/middleware/server_timing.rb:60:in `call'
actionpack (7.0.8.7) lib/action_dispatch/middleware/executor.rb:14:in `call'
actionpack (7.0.8.7) lib/action_dispatch/middleware/static.rb:23:in `call'
rack (2.2.17) lib/rack/sendfile.rb:110:in `call'
actionpack (7.0.8.7) lib/action_dispatch/middleware/host_authorization.rb:138:in `call'
rack-cors (2.0.2) lib/rack/cors.rb:102:in `call'
rack-cors (2.0.2) lib/rack/cors.rb:102:in `call'
railties (7.0.8.7) lib/rails/engine.rb:530:in `call'
puma (5.6.9) lib/puma/configuration.rb:252:in `call'
puma (5.6.9) lib/puma/request.rb:77:in `block in handle_request'
puma (5.6.9) lib/puma/thread_pool.rb:340:in `with_force_shutdown'
puma (5.6.9) lib/puma/request.rb:76:in `handle_request'
puma (5.6.9) lib/puma/server.rb:443:in `process_client'
puma (5.6.9) lib/puma/thread_pool.rb:147:in `block in spawn_thread'
  [1m[36mActiveRecord::SchemaMigration Pluck (0.5ms)[0m  [1m[34mSELECT "schema_migrations"."version" FROM "schema_migrations" ORDER BY "schema_migrations"."version" ASC[0m
Migrating to DeviseCreateUsers (20250820020719)
  [1m[36mTRANSACTION (0.1ms)[0m  [1m[36mbegin transaction[0m
  [1m[35m (1.3ms)[0m  [1m[35mCREATE TABLE "users" ("id" integer PRIMARY KEY AUTOINCREMENT NOT NULL, "email" varchar DEFAULT '' NOT NULL, "encrypted_password" varchar DEFAULT '' NOT NULL, "reset_password_token" varchar, "reset_password_sent_at" datetime(6), "remember_created_at" datetime(6), "created_at" datetime(6) NOT NULL, "updated_at" datetime(6) NOT NULL)[0m
  [1m[35m (0.3ms)[0m  [1m[35mCREATE UNIQUE INDEX "index_users_on_email" ON "users" ("email")[0m
  [1m[35m (0.2ms)[0m  [1m[35mCREATE UNIQUE INDEX "index_users_on_reset_password_token" ON "users" ("reset_password_token")[0m
  [1m[36mActiveRecord::SchemaMigration Create (0.8ms)[0m  [1m[32mINSERT INTO "schema_migrations" ("version") VALUES (?)[0m  [["version", "20250820020719"]]
  [1m[36mTRANSACTION (2.3ms)[0m  [1m[36mcommit transaction[0m
Migrating to CreateJwtDenylists (20250820022943)
  [1m[36mTRANSACTION (0.2ms)[0m  [1m[36mbegin transaction[0m
  [1m[35m (2.4ms)[0m  [1m[35mCREATE TABLE "jwt_denylists" ("id" integer PRIMARY KEY AUTOINCREMENT NOT NULL, "jti" varchar, "exp" datetime(6), "created_at" datetime(6) NOT NULL, "updated_at" datetime(6) NOT NULL)[0m
  [1m[35m (0.6ms)[0m  [1m[35mCREATE INDEX "index_jwt_denylists_on_jti" ON "jwt_denylists" ("jti")[0m
  [1m[36mActiveRecord::SchemaMigration Create (3.0ms)[0m  [1m[32mINSERT INTO "schema_migrations" ("version") VALUES (?)[0m  [["version", "20250820022943"]]
  [1m[36mTRANSACTION (6.4ms)[0m  [1m[36mcommit transaction[0m
Migrating to AddNameToUsers (20250820030443)
  [1m[36mTRANSACTION (0.2ms)[0m  [1m[36mbegin transaction[0m
  [1m[35m (2.9ms)[0m  [1m[35mALTER TABLE "users" ADD "name" varchar[0m
  [1m[36mActiveRecord::SchemaMigration Create (1.0ms)[0m  [1m[32mINSERT INTO "schema_migrations" ("version") VALUES (?)[0m  [["version", "20250820030443"]]
  [1m[36mTRANSACTION (1.3ms)[0m  [1m[36mcommit transaction[0m
  [1m[36mActiveRecord::InternalMetadata Load (1.0ms)[0m  [1m[34mSELECT "ar_internal_metadata".* FROM "ar_internal_metadata" WHERE "ar_internal_metadata"."key" = ? LIMIT ?[0m  [["key", "environment"], ["LIMIT", 1]]
  [1m[36mTRANSACTION (0.1ms)[0m  [1m[36mbegin transaction[0m
  [1m[36mActiveRecord::InternalMetadata Create (1.3ms)[0m  [1m[32mINSERT INTO "ar_internal_metadata" ("key", "value", "created_at", "updated_at") VALUES (?, ?, ?, ?)[0m  [["key", "environment"], ["value", "development"], ["created_at", "2025-08-30 07:17:34.981418"], ["updated_at", "2025-08-30 07:17:34.981418"]]
  [1m[36mTRANSACTION (3.5ms)[0m  [1m[36mcommit transaction[0m
  [1m[36mActiveRecord::SchemaMigration Pluck (0.2ms)[0m  [1m[34mSELECT "schema_migrations"."version" FROM "schema_migrations" ORDER BY "schema_migrations"."version" ASC[0m
Started GET "/" for ::1 at 2025-08-30 16:17:44 +0900
  [1m[36mActiveRecord::SchemaMigration Pluck (0.2ms)[0m  [1m[34mSELECT "schema_migrations"."version" FROM "schema_migrations" ORDER BY "schema_migrations"."version" ASC[0m
Processing by Rails::WelcomeController#index as HTML
  Rendering /Users/miyatasyo/.rbenv/versions/3.1.3/lib/ruby/gems/3.1.0/gems/railties-7.0.8.7/lib/rails/templates/rails/welcome/index.html.erb
  Rendered /Users/miyatasyo/.rbenv/versions/3.1.3/lib/ruby/gems/3.1.0/gems/railties-7.0.8.7/lib/rails/templates/rails/welcome/index.html.erb (Duration: 1.9ms | Allocations: 303)
Completed 200 OK in 31ms (Views: 5.5ms | ActiveRecord: 0.0ms | Allocations: 2793)


  [1m[36mActiveRecord::SchemaMigration Pluck (0.4ms)[0m  [1m[34mSELECT "schema_migrations"."version" FROM "schema_migrations" ORDER BY "schema_migrations"."version" ASC[0m
  [1m[36mActiveRecord::SchemaMigration Pluck (0.4ms)[0m  [1m[34mSELECT "schema_migrations"."version" FROM "schema_migrations" ORDER BY "schema_migrations"."version" ASC[0m
Migrating to CreateTracks (20250821071948)
  [1m[36mTRANSACTION (0.1ms)[0m  [1m[36mbegin transaction[0m
  [1m[35m (0.5ms)[0m  [1m[35mCREATE TABLE "tracks" ("id" integer PRIMARY KEY AUTOINCREMENT NOT NULL, "user_id" integer NOT NULL, "title" varchar, "description" text, "yt_url" varchar, "bpm" float, "key" varchar, "genre" varchar, "ai_text" text, "created_at" datetime(6) NOT NULL, "updated_at" datetime(6) NOT NULL, CONSTRAINT "fk_rails_a9ae83adcc"
FOREIGN KEY ("user_id")
  REFERENCES "users" ("id")
)[0m
  [1m[35m (0.2ms)[0m  [1m[35mCREATE INDEX "index_tracks_on_user_id" ON "tracks" ("user_id")[0m
  [1m[36mActiveRecord::SchemaMigration Create (0.3ms)[0m  [1m[32mINSERT INTO "schema_migrations" ("version") VALUES (?)[0m  [["version", "20250821071948"]]
  [1m[36mTRANSACTION (1.6ms)[0m  [1m[36mcommit transaction[0m
Migrating to AddIndexesToTracks (20250823022457)
  [1m[36mTRANSACTION (0.0ms)[0m  [1m[36mbegin transaction[0m
  [1m[35m (0.4ms)[0m  [1m[35mCREATE INDEX "index_tracks_on_user_id_and_created_at" ON "tracks" ("user_id", "created_at")[0m
  [1m[35m (0.1ms)[0m  [1m[35mCREATE UNIQUE INDEX "index_tracks_on_user_id_and_yt_url" ON "tracks" ("user_id", "yt_url")[0m
  [1m[36mActiveRecord::SchemaMigration Create (0.1ms)[0m  [1m[32mINSERT INTO "schema_migrations" ("version") VALUES (?)[0m  [["version", "20250823022457"]]
  [1m[36mTRANSACTION (0.8ms)[0m  [1m[36mcommit transaction[0m
  [1m[36mActiveRecord::InternalMetadata Load (0.5ms)[0m  [1m[34mSELECT "ar_internal_metadata".* FROM "ar_internal_metadata" WHERE "ar_internal_metadata"."key" = ? LIMIT ?[0m  [["key", "environment"], ["LIMIT", 1]]
  [1m[36mActiveRecord::SchemaMigration Pluck (0.1ms)[0m  [1m[34mSELECT "schema_migrations"."version" FROM "schema_migrations" ORDER BY "schema_migrations"."version" ASC[0m
  [1m[36mActiveRecord::SchemaMigration Pluck (0.3ms)[0m  [1m[34mSELECT "schema_migrations"."version" FROM "schema_migrations" ORDER BY "schema_migrations"."version" ASC[0m
Migrating to AddOauthFieldsToUsers (20250905052457)
  [1m[36mTRANSACTION (0.0ms)[0m  [1m[36mbegin transaction[0m
  [1m[35m (1.2ms)[0m  [1m[35mALTER TABLE "users" ADD "provider" varchar[0m
  [1m[36mActiveRecord::SchemaMigration Create (0.4ms)[0m  [1m[32mINSERT INTO "schema_migrations" ("version") VALUES (?)[0m  [["version", "20250905052457"]]
  [1m[36mTRANSACTION (0.8ms)[0m  [1m[36mcommit transaction[0m
  [1m[36mActiveRecord::InternalMetadata Load (0.6ms)[0m  [1m[34mSELECT "ar_internal_metadata".* FROM "ar_internal_metadata" WHERE "ar_internal_metadata"."key" = ? LIMIT ?[0m  [["key", "environment"], ["LIMIT", 1]]
  [1m[36mActiveRecord::SchemaMigration Pluck (0.1ms)[0m  [1m[34mSELECT "schema_migrations"."version" FROM "schema_migrations" ORDER BY "schema_migrations"."version" ASC[0m
  [1m[36mActiveRecord::SchemaMigration Pluck (0.4ms)[0m  [1m[34mSELECT "schema_migrations"."version" FROM "schema_migrations" ORDER BY "schema_migrations"."version" ASC[0m
  [1m[36mActiveRecord::InternalMetadata Pluck (0.5ms)[0m  [1m[34mSELECT "ar_internal_metadata"."value" FROM "ar_internal_metadata" WHERE "ar_internal_metadata"."key" = ? LIMIT ?[0m  [["key", "environment"], ["LIMIT", 1]]
  [1m[36mActiveRecord::SchemaMigration Pluck (0.1ms)[0m  [1m[34mSELECT "schema_migrations"."version" FROM "schema_migrations" ORDER BY "schema_migrations"."version" ASC[0m
  [1m[36mActiveRecord::InternalMetadata Pluck (0.1ms)[0m  [1m[34mSELECT "ar_internal_metadata"."value" FROM "ar_internal_metadata" WHERE "ar_internal_metadata"."key" = ? LIMIT ?[0m  [["key", "environment"], ["LIMIT", 1]]
  [1m[36mActiveRecord::SchemaMigration Pluck (0.1ms)[0m  [1m[34mSELECT "schema_migrations"."version" FROM "schema_migrations" ORDER BY "schema_migrations"."version" ASC[0m
  [1m[36mActiveRecord::InternalMetadata Pluck (0.1ms)[0m  [1m[34mSELECT "ar_internal_metadata"."value" FROM "ar_internal_metadata" WHERE "ar_internal_metadata"."key" = ? LIMIT ?[0m  [["key", "environment"], ["LIMIT", 1]]
  [1m[35m (0.1ms)[0m  [1m[35mDROP TABLE IF EXISTS "jwt_denylists"[0m
  [1m[35m (2.4ms)[0m  [1m[35mCREATE TABLE "jwt_denylists" ("id" integer PRIMARY KEY AUTOINCREMENT NOT NULL, "jti" varchar, "exp" datetime(6), "created_at" datetime(6) NOT NULL, "updated_at" datetime(6) NOT NULL)[0m
  [1m[35m (1.2ms)[0m  [1m[35mCREATE INDEX "index_jwt_denylists_on_jti" ON "jwt_denylists" ("jti")[0m
  [1m[35m (0.1ms)[0m  [1m[35mDROP TABLE IF EXISTS "tracks"[0m
  [1m[35m (0.9ms)[0m  [1m[35mCREATE TABLE "tracks" ("id" integer PRIMARY KEY AUTOINCREMENT NOT NULL, "user_id" integer NOT NULL, "title" varchar, "description" text, "yt_url" varchar, "bpm" float, "key" varchar, "genre" varchar, "ai_text" text, "created_at" datetime(6) NOT NULL, "updated_at" datetime(6) NOT NULL)[0m
  [1m[35m (0.8ms)[0m  [1m[35mCREATE INDEX "index_tracks_on_user_id_and_created_at" ON "tracks" ("user_id", "created_at")[0m
  [1m[35m (0.8ms)[0m  [1m[35mCREATE UNIQUE INDEX "index_tracks_on_user_id_and_yt_url" ON "tracks" ("user_id", "yt_url")[0m
  [1m[35m (0.9ms)[0m  [1m[35mCREATE INDEX "index_tracks_on_user_id" ON "tracks" ("user_id")[0m
  [1m[35m (0.1ms)[0m  [1m[35mDROP TABLE IF EXISTS "users"[0m
  [1m[35m (1.0ms)[0m  [1m[35mCREATE TABLE "users" ("id" integer PRIMARY KEY AUTOINCREMENT NOT NULL, "email" varchar DEFAULT '' NOT NULL, "encrypted_password" varchar DEFAULT '' NOT NULL, "reset_password_token" varchar, "reset_password_sent_at" datetime(6), "remember_created_at" datetime(6), "created_at" datetime(6) NOT NULL, "updated_at" datetime(6) NOT NULL, "name" varchar, "provider" varchar)[0m
  [1m[35m (0.8ms)[0m  [1m[35mCREATE UNIQUE INDEX "index_users_on_email" ON "users" ("email")[0m
  [1m[35m (0.8ms)[0m  [1m[35mCREATE UNIQUE INDEX "index_users_on_reset_password_token" ON "users" ("reset_password_token")[0m
  [1m[36mTRANSACTION (0.0ms)[0m  [1m[36mbegin transaction[0m
  [1m[35m (0.0ms)[0m  [1m[35mPRAGMA foreign_keys[0m
  [1m[35m (0.0ms)[0m  [1m[35mPRAGMA defer_foreign_keys[0m
  [1m[35m (0.0ms)[0m  [1m[35mPRAGMA defer_foreign_keys = ON[0m
  [1m[35m (0.0ms)[0m  [1m[35mPRAGMA foreign_keys = OFF[0m
  [1m[35m (0.2ms)[0m  [1m[35mCREATE TEMPORARY TABLE "atracks" ("id" integer NOT NULL PRIMARY KEY, "user_id" integer NOT NULL, "title" varchar DEFAULT NULL, "description" text DEFAULT NULL, "yt_url" varchar DEFAULT NULL, "bpm" float DEFAULT NULL, "key" varchar DEFAULT NULL, "genre" varchar DEFAULT NULL, "ai_text" text DEFAULT NULL, "created_at" datetime(6) NOT NULL, "updated_at" datetime(6) NOT NULL)[0m
  [1m[35m (0.1ms)[0m  [1m[35mCREATE INDEX "tindex_atracks_on_user_id" ON "atracks" ("user_id")[0m
  [1m[35m (0.2ms)[0m  [1m[35mCREATE UNIQUE INDEX "tindex_atracks_on_user_id_and_yt_url" ON "atracks" ("user_id", "yt_url")[0m
  [1m[35m (0.1ms)[0m  [1m[35mCREATE INDEX "tindex_atracks_on_user_id_and_created_at" ON "atracks" ("user_id", "created_at")[0m
  [1m[35m (0.1ms)[0m  [1m[32mINSERT INTO "atracks" ("id","user_id","title","description","yt_url","bpm","key","genre","ai_text","created_at","updated_at")
                     SELECT "id","user_id","title","description","yt_url","bpm","key","genre","ai_text","created_at","updated_at" FROM "tracks"[0m
  [1m[35m (0.7ms)[0m  [1m[35mDROP TABLE "tracks"[0m
  [1m[35m (0.1ms)[0m  [1m[35mCREATE TABLE "tracks" ("id" integer NOT NULL PRIMARY KEY, "user_id" integer NOT NULL, "title" varchar DEFAULT NULL, "description" text DEFAULT NULL, "yt_url" varchar DEFAULT NULL, "bpm" float DEFAULT NULL, "key" varchar DEFAULT NULL, "genre" varchar DEFAULT NULL, "ai_text" text DEFAULT NULL, "created_at" datetime(6) NOT NULL, "updated_at" datetime(6) NOT NULL, CONSTRAINT "fk_rails_a9ae83adcc"
FOREIGN KEY ("user_id")
  REFERENCES "users" ("id")
)[0m
  [1m[35m (0.1ms)[0m  [1m[35mCREATE INDEX "index_tracks_on_user_id_and_created_at" ON "tracks" ("user_id", "created_at")[0m
  [1m[35m (0.1ms)[0m  [1m[35mCREATE UNIQUE INDEX "index_tracks_on_user_id_and_yt_url" ON "tracks" ("user_id", "yt_url")[0m
  [1m[35m (0.1ms)[0m  [1m[35mCREATE INDEX "index_tracks_on_user_id" ON "tracks" ("user_id")[0m
  [1m[35m (0.1ms)[0m  [1m[32mINSERT INTO "tracks" ("id","user_id","title","description","yt_url","bpm","key","genre","ai_text","created_at","updated_at")
                     SELECT "id","user_id","title","description","yt_url","bpm","key","genre","ai_text","created_at","updated_at" FROM "atracks"[0m
  [1m[35m (0.2ms)[0m  [1m[35mDROP TABLE "atracks"[0m
  [1m[35m (0.0ms)[0m  [1m[35mPRAGMA defer_foreign_keys = 0[0m
  [1m[35m (0.0ms)[0m  [1m[35mPRAGMA foreign_keys = 1[0m
  [1m[36mTRANSACTION (1.5ms)[0m  [1m[36mcommit transaction[0m
  [1m[35m (1.3ms)[0m  [1m[35mCREATE TABLE "schema_migrations" ("version" varchar NOT NULL PRIMARY KEY)[0m
  [1m[36mActiveRecord::SchemaMigration Pluck (0.1ms)[0m  [1m[34mSELECT "schema_migrations"."version" FROM "schema_migrations" ORDER BY "schema_migrations"."version" ASC[0m
  [1m[35m (2.1ms)[0m  [1m[32mINSERT INTO "schema_migrations" (version) VALUES (20250905052457)[0m
  [1m[35m (1.0ms)[0m  [1m[32mINSERT INTO "schema_migrations" (version) VALUES
(20250820020719),
(20250820022943),
(20250820030443),
(20250821071948),
(20250823022457);

[0m
  [1m[35m (1.1ms)[0m  [1m[35mCREATE TABLE "ar_internal_metadata" ("key" varchar NOT NULL PRIMARY KEY, "value" varchar, "created_at" datetime(6) NOT NULL, "updated_at" datetime(6) NOT NULL)[0m
  [1m[36mActiveRecord::InternalMetadata Load (0.1ms)[0m  [1m[34mSELECT "ar_internal_metadata".* FROM "ar_internal_metadata" WHERE "ar_internal_metadata"."key" = ? LIMIT ?[0m  [["key", "environment"], ["LIMIT", 1]]
  [1m[36mTRANSACTION (0.1ms)[0m  [1m[36mbegin transaction[0m
  [1m[36mActiveRecord::InternalMetadata Create (0.4ms)[0m  [1m[32mINSERT INTO "ar_internal_metadata" ("key", "value", "created_at", "updated_at") VALUES (?, ?, ?, ?)[0m  [["key", "environment"], ["value", "development"], ["created_at", "2025-09-05 05:52:13.297869"], ["updated_at", "2025-09-05 05:52:13.297869"]]
  [1m[36mTRANSACTION (0.9ms)[0m  [1m[36mcommit transaction[0m
  [1m[36mActiveRecord::InternalMetadata Load (0.1ms)[0m  [1m[34mSELECT "ar_internal_metadata".* FROM "ar_internal_metadata" WHERE "ar_internal_metadata"."key" = ? LIMIT ?[0m  [["key", "environment"], ["LIMIT", 1]]
  [1m[36mTRANSACTION (0.0ms)[0m  [1m[36mbegin transaction[0m
  [1m[36mActiveRecord::InternalMetadata Update (0.3ms)[0m  [1m[33mUPDATE "ar_internal_metadata" SET "value" = ?, "updated_at" = ? WHERE "ar_internal_metadata"."key" = ?[0m  [["value", "test"], ["updated_at", "2025-09-05 05:52:13.303316"], ["key", "environment"]]
  [1m[36mTRANSACTION (0.8ms)[0m  [1m[36mcommit transaction[0m
  [1m[36mActiveRecord::InternalMetadata Load (0.1ms)[0m  [1m[34mSELECT "ar_internal_metadata".* FROM "ar_internal_metadata" WHERE "ar_internal_metadata"."key" = ? LIMIT ?[0m  [["key", "schema_sha1"], ["LIMIT", 1]]
  [1m[36mTRANSACTION (0.0ms)[0m  [1m[36mbegin transaction[0m
  [1m[36mActiveRecord::InternalMetadata Create (0.3ms)[0m  [1m[32mINSERT INTO "ar_internal_metadata" ("key", "value", "created_at", "updated_at") VALUES (?, ?, ?, ?)[0m  [["key", "schema_sha1"], ["value", "751e2d87a643ca64c1d8b57013d58b74628ae6db"], ["created_at", "2025-09-05 05:52:13.308075"], ["updated_at", "2025-09-05 05:52:13.308075"]]
  [1m[36mTRANSACTION (1.1ms)[0m  [1m[36mcommit transaction[0m
  [1m[36mActiveRecord::SchemaMigration Pluck (0.4ms)[0m  [1m[34mSELECT "schema_migrations"."version" FROM "schema_migrations" ORDER BY "schema_migrations"."version" ASC[0m
  [1m[36mActiveRecord::SchemaMigration Pluck (0.3ms)[0m  [1m[34mSELECT "schema_migrations"."version" FROM "schema_migrations" ORDER BY "schema_migrations"."version" ASC[0m
Migrating to AddBioToUsers (20250905060205)
  [1m[36mTRANSACTION (0.1ms)[0m  [1m[36mbegin transaction[0m
  [1m[35m (0.7ms)[0m  [1m[35mALTER TABLE "users" ADD "bio" text[0m
  [1m[36mActiveRecord::SchemaMigration Create (0.5ms)[0m  [1m[32mINSERT INTO "schema_migrations" ("version") VALUES (?)[0m  [["version", "20250905060205"]]
  [1m[36mTRANSACTION (1.0ms)[0m  [1m[36mcommit transaction[0m
  [1m[36mActiveRecord::InternalMetadata Load (0.5ms)[0m  [1m[34mSELECT "ar_internal_metadata".* FROM "ar_internal_metadata" WHERE "ar_internal_metadata"."key" = ? LIMIT ?[0m  [["key", "environment"], ["LIMIT", 1]]
  [1m[36mActiveRecord::SchemaMigration Pluck (0.1ms)[0m  [1m[34mSELECT "schema_migrations"."version" FROM "schema_migrations" ORDER BY "schema_migrations"."version" ASC[0m
  [1m[36mActiveRecord::SchemaMigration Pluck (0.4ms)[0m  [1m[34mSELECT "schema_migrations"."version" FROM "schema_migrations" ORDER BY "schema_migrations"."version" ASC[0m
Migrating to AddUidToUsers (20250905060355)
  [1m[36mTRANSACTION (0.1ms)[0m  [1m[36mbegin transaction[0m
  [1m[35m (0.8ms)[0m  [1m[35mALTER TABLE "users" ADD "uid" varchar[0m
  [1m[36mActiveRecord::SchemaMigration Create (0.4ms)[0m  [1m[32mINSERT INTO "schema_migrations" ("version") VALUES (?)[0m  [["version", "20250905060355"]]
  [1m[36mTRANSACTION (0.9ms)[0m  [1m[36mcommit transaction[0m
  [1m[36mActiveRecord::InternalMetadata Load (0.5ms)[0m  [1m[34mSELECT "ar_internal_metadata".* FROM "ar_internal_metadata" WHERE "ar_internal_metadata"."key" = ? LIMIT ?[0m  [["key", "environment"], ["LIMIT", 1]]
  [1m[36mActiveRecord::SchemaMigration Pluck (0.1ms)[0m  [1m[34mSELECT "schema_migrations"."version" FROM "schema_migrations" ORDER BY "schema_migrations"."version" ASC[0m
  [1m[35m (1.5ms)[0m  [1m[35mCREATE DATABASE `music_portfolio_ai_development` DEFAULT CHARACTER SET `utf8mb4`[0m
  [1m[35m (5.5ms)[0m  [1m[35mCREATE DATABASE `music_portfolio_ai_test` DEFAULT CHARACTER SET `utf8mb4`[0m
  [1m[35m (20.2ms)[0m  [1m[35mCREATE TABLE `schema_migrations` (`version` varchar(255) NOT NULL PRIMARY KEY)[0m
  [1m[35m (16.7ms)[0m  [1m[35mCREATE TABLE `ar_internal_metadata` (`key` varchar(255) NOT NULL PRIMARY KEY, `value` varchar(255), `created_at` datetime(6) NOT NULL, `updated_at` datetime(6) NOT NULL)[0m
  [1m[35m (1.5ms)[0m  [1m[34mSELECT GET_LOCK('195657697708606350', 0)[0m
  [1m[36mActiveRecord::SchemaMigration Pluck (8.4ms)[0m  [1m[34mSELECT `schema_migrations`.`version` FROM `schema_migrations` ORDER BY `schema_migrations`.`version` ASC[0m
Migrating to DeviseCreateUsers (20250820020719)
  [1m[35m (18.3ms)[0m  [1m[35mCREATE TABLE `users` (`id` bigint NOT NULL AUTO_INCREMENT PRIMARY KEY, `email` varchar(255) DEFAULT '' NOT NULL, `encrypted_password` varchar(255) DEFAULT '' NOT NULL, `reset_password_token` varchar(255), `reset_password_sent_at` datetime(6), `remember_created_at` datetime(6), `created_at` datetime(6) NOT NULL, `updated_at` datetime(6) NOT NULL)[0m
  [1m[35m (19.2ms)[0m  [1m[35mCREATE UNIQUE INDEX `index_users_on_email` ON `users` (`email`)[0m
  [1m[35m (15.0ms)[0m  [1m[35mCREATE UNIQUE INDEX `index_users_on_reset_password_token` ON `users` (`reset_password_token`)[0m
  [1m[36mTRANSACTION (2.0ms)[0m  [1m[35mBEGIN[0m
  [1m[36mActiveRecord::SchemaMigration Create (1.8ms)[0m  [1m[32mINSERT INTO `schema_migrations` (`version`) VALUES ('20250820020719')[0m
  [1m[36mTRANSACTION (4.5ms)[0m  [1m[35mCOMMIT[0m
Migrating to CreateJwtDenylists (20250820022943)
  [1m[35m (20.0ms)[0m  [1m[35mCREATE TABLE `jwt_denylists` (`id` bigint NOT NULL AUTO_INCREMENT PRIMARY KEY, `jti` varchar(255), `exp` datetime(6), `created_at` datetime(6) NOT NULL, `updated_at` datetime(6) NOT NULL)[0m
  [1m[35m (15.8ms)[0m  [1m[35mCREATE INDEX `index_jwt_denylists_on_jti` ON `jwt_denylists` (`jti`)[0m
  [1m[36mTRANSACTION (1.4ms)[0m  [1m[35mBEGIN[0m
  [1m[36mActiveRecord::SchemaMigration Create (2.4ms)[0m  [1m[32mINSERT INTO `schema_migrations` (`version`) VALUES ('20250820022943')[0m
  [1m[36mTRANSACTION (5.1ms)[0m  [1m[35mCOMMIT[0m
Migrating to AddNameToUsers (20250820030443)
  [1m[35m (48.3ms)[0m  [1m[35mALTER TABLE `users` ADD `name` varchar(255)[0m
  [1m[36mTRANSACTION (2.9ms)[0m  [1m[35mBEGIN[0m
  [1m[36mActiveRecord::SchemaMigration Create (1.8ms)[0m  [1m[32mINSERT INTO `schema_migrations` (`version`) VALUES ('20250820030443')[0m
  [1m[36mTRANSACTION (5.2ms)[0m  [1m[35mCOMMIT[0m
Migrating to CreateTracks (20250821071948)
  [1m[35m (32.8ms)[0m  [1m[35mCREATE TABLE `tracks` (`id` bigint NOT NULL AUTO_INCREMENT PRIMARY KEY, `user_id` bigint NOT NULL, `title` varchar(255), `description` text, `yt_url` varchar(255), `bpm` float(24), `key` varchar(255), `genre` varchar(255), `ai_text` text, `created_at` datetime(6) NOT NULL, `updated_at` datetime(6) NOT NULL, INDEX `index_tracks_on_user_id` (`user_id`), CONSTRAINT `fk_rails_a9ae83adcc`
FOREIGN KEY (`user_id`)
  REFERENCES `users` (`id`)
)[0m
  [1m[36mTRANSACTION (1.8ms)[0m  [1m[35mBEGIN[0m
  [1m[36mActiveRecord::SchemaMigration Create (1.8ms)[0m  [1m[32mINSERT INTO `schema_migrations` (`version`) VALUES ('20250821071948')[0m
  [1m[36mTRANSACTION (4.9ms)[0m  [1m[35mCOMMIT[0m
Migrating to AddIndexesToTracks (20250823022457)
  [1m[35m (17.3ms)[0m  [1m[35mCREATE INDEX `index_tracks_on_user_id_and_created_at` ON `tracks` (`user_id`, `created_at`)[0m
  [1m[35m (21.1ms)[0m  [1m[35mCREATE UNIQUE INDEX `index_tracks_on_user_id_and_yt_url` ON `tracks` (`user_id`, `yt_url`)[0m
  [1m[36mTRANSACTION (1.9ms)[0m  [1m[35mBEGIN[0m
  [1m[36mActiveRecord::SchemaMigration Create (2.7ms)[0m  [1m[32mINSERT INTO `schema_migrations` (`version`) VALUES ('20250823022457')[0m
  [1m[36mTRANSACTION (4.9ms)[0m  [1m[35mCOMMIT[0m
Migrating to AddOauthFieldsToUsers (20250905052457)
  [1m[35m (49.5ms)[0m  [1m[35mALTER TABLE `users` ADD `provider` varchar(255)[0m
  [1m[36mTRANSACTION (1.4ms)[0m  [1m[35mBEGIN[0m
  [1m[36mActiveRecord::SchemaMigration Create (1.7ms)[0m  [1m[32mINSERT INTO `schema_migrations` (`version`) VALUES ('20250905052457')[0m
  [1m[36mTRANSACTION (3.6ms)[0m  [1m[35mCOMMIT[0m
Migrating to AddBioToUsers (20250905060205)
  [1m[35m (43.7ms)[0m  [1m[35mALTER TABLE `users` ADD `bio` text[0m
  [1m[36mTRANSACTION (2.0ms)[0m  [1m[35mBEGIN[0m
  [1m[36mActiveRecord::SchemaMigration Create (1.8ms)[0m  [1m[32mINSERT INTO `schema_migrations` (`version`) VALUES ('20250905060205')[0m
  [1m[36mTRANSACTION (3.4ms)[0m  [1m[35mCOMMIT[0m
Migrating to AddUidToUsers (20250905060355)
  [1m[35m (43.4ms)[0m  [1m[35mALTER TABLE `users` ADD `uid` varchar(255)[0m
  [1m[36mTRANSACTION (1.3ms)[0m  [1m[35mBEGIN[0m
  [1m[36mActiveRecord::SchemaMigration Create (1.8ms)[0m  [1m[32mINSERT INTO `schema_migrations` (`version`) VALUES ('20250905060355')[0m
  [1m[36mTRANSACTION (5.7ms)[0m  [1m[35mCOMMIT[0m
  [1m[36mActiveRecord::InternalMetadata Load (1.8ms)[0m  [1m[34mSELECT `ar_internal_metadata`.* FROM `ar_internal_metadata` WHERE `ar_internal_metadata`.`key` = 'environment' LIMIT 1[0m
  [1m[36mTRANSACTION (1.8ms)[0m  [1m[35mBEGIN[0m
  [1m[36mActiveRecord::InternalMetadata Create (2.1ms)[0m  [1m[32mINSERT INTO `ar_internal_metadata` (`key`, `value`, `created_at`, `updated_at`) VALUES ('environment', 'development', '2025-09-06 09:16:03.336336', '2025-09-06 09:16:03.336336')[0m
  [1m[36mTRANSACTION (3.6ms)[0m  [1m[35mCOMMIT[0m
  [1m[35m (1.2ms)[0m  [1m[34mSELECT RELEASE_LOCK('195657697708606350')[0m
  [1m[36mActiveRecord::SchemaMigration Pluck (1.8ms)[0m  [1m[34mSELECT `schema_migrations`.`version` FROM `schema_migrations` ORDER BY `schema_migrations`.`version` ASC[0m
  [1m[36mUser Count (1.6ms)[0m  [1m[34mSELECT COUNT(*) FROM `users`[0m
Started GET "/" for ::1 at 2025-09-06 18:16:50 +0900
  [1m[36mActiveRecord::SchemaMigration Pluck (1.9ms)[0m  [1m[34mSELECT `schema_migrations`.`version` FROM `schema_migrations` ORDER BY `schema_migrations`.`version` ASC[0m
Processing by Rails::WelcomeController#index as */*
  Rendering /Users/miyatasyo/.rbenv/versions/3.1.3/lib/ruby/gems/3.1.0/gems/railties-7.0.8.7/lib/rails/templates/rails/welcome/index.html.erb
  Rendered /Users/miyatasyo/.rbenv/versions/3.1.3/lib/ruby/gems/3.1.0/gems/railties-7.0.8.7/lib/rails/templates/rails/welcome/index.html.erb (Duration: 5.0ms | Allocations: 547)
Completed 200 OK in 45ms (Views: 22.4ms | ActiveRecord: 0.0ms | Allocations: 5164)


